<?xml version="1.0" encoding="UTF-8"?>
<testng-results ignored="0" total="1" passed="1" failed="0" skipped="0">
  <reporter-output>
  </reporter-output>
  <suite started-at="2021-02-22T07:33:00Z" name="Default suite" finished-at="2021-02-22T07:33:22Z" duration-ms="21843">
    <groups>
    </groups>
    <test started-at="2021-02-22T07:33:00Z" name="Default test" finished-at="2021-02-22T07:33:22Z" duration-ms="21843">
      <class name="com.testing.end2endproject.NewTest">
        <test-method signature="f()[pri:0, instance:com.testing.end2endproject.NewTest@45d2ade3]" started-at="2021-02-22T07:33:00Z" name="f" finished-at="2021-02-22T07:33:22Z" duration-ms="21775" status="PASS">
          <reporter-output>
          </reporter-output>
        </test-method> <!-- f -->
      </class> <!-- com.testing.end2endproject.NewTest -->
    </test> <!-- Default test -->
  </suite> <!-- Default suite -->
</testng-results>
